2025-09-16 19:47:35, MOVE, v:1, k:toalha, mode:DOWN
2025-09-16 19:47:39, MOVE, v:1, k:toalha, mode:PICK
2025-09-16 19:47:41, EXEC, v:1, k:toalha, mode:LOCK, rate:100, size:0
2025-09-16 19:47:43, EXEC, v:1, k:toalha, mode:LOCK, rate:100
2025-09-16 19:49:09, EXEC, v:1, k:toalha, mode:LOCK, rate:100
2025-09-16 19:52:18, EXEC, v:1, k:toalha, mode:FREE
2025-09-16 19:53:15, MOVE, v:1, k:toalha, mode:BACK
2025-09-16 20:02:59, MOVE, v:1, k:toalha, mode:PICK
2025-09-16 20:03:01, EXEC, v:1, k:toalha, mode:LOCK, rate:100
2025-09-16 20:03:31, EXEC, v:1, k:toalha, mode:LOCK, rate:0, size:1
2025-09-16 20:09:29, EXEC, v:1, k:toalha, mode:LOCK, rate:0, size:10
2025-09-16 20:09:47, EXEC, v:1, k:toalha, mode:LOCK, rate:0, size:10
2025-09-16 20:10:23, EXEC, v:1, k:toalha, mode:LOCK, rate:0, size:10
2025-09-16 20:10:46, EXEC, v:1, k:toalha, mode:LOCK, rate:0, size:10
2025-09-16 20:11:47, EXEC, v:1, k:toalha, mode:LOCK, rate:0
2025-09-16 20:16:53, EXEC, v:1, k:toalha, mode:LOCK, rate:0, size:10
2025-09-16 20:24:14, EXEC, v:1, k:toalha, mode:LOCK, rate:0
2025-09-16 20:24:16, EXEC, v:1, k:toalha, mode:LOCK, rate:0
2025-09-16 20:24:18, EXEC, v:1, k:toalha, mode:LOCK, rate:0
2025-09-16 20:24:21, EXEC, v:1, k:toalha, mode:LOCK, rate:0
