2025-09-29 14:25:58, MOVE, v:1, k:enxugar, mode:PICK
2025-09-29 14:25:59, EXEC, v:1, k:enxugar, mode:FULL, rate:0, size:80
2025-09-29 14:32:17, EXEC, v:1, k:enxugar, mode:FULL, rate:0, size:80
2025-09-29 14:33:51, EXEC, v:1, k:enxugar, mode:FULL, rate:0, size:80
2025-09-29 14:33:53, EXEC, v:1, k:enxugar, mode:FULL, rate:0
2025-09-29 14:34:22, EXEC, v:1, k:enxugar, mode:FULL, rate:0
2025-09-29 14:34:40, EXEC, v:1, k:enxugar, mode:FULL, rate:0, size:80
2025-09-29 14:41:51, EXEC, v:1, k:enxugar, mode:FULL, rate:0, size:101
2025-09-29 14:42:55, EXEC, v:1, k:enxugar, mode:FULL, rate:0, size:81
2025-09-29 14:43:21, EXEC, v:1, k:enxugar, mode:FULL, rate:0
2025-09-29 14:47:06, EXEC, v:1, k:enxugar, mode:FULL, rate:0, size:81
2025-09-29 14:48:14, EXEC, v:1, k:enxugar, mode:FULL, rate:0, size:81
2025-09-29 14:48:46, EXEC, v:1, k:enxugar, mode:FULL, rate:0, size:81
2025-09-29 14:48:47, EXEC, v:1, k:enxugar, mode:FULL, rate:0
2025-09-29 14:49:15, EXEC, v:1, k:enxugar, mode:FULL, rate:0, size:81
2025-09-29 14:49:50, EXEC, v:1, k:enxugar, mode:FULL, rate:10, size:81
2025-09-29 14:51:14, EXEC, v:1, k:enxugar, mode:FULL, rate:0, size:81
2025-09-29 14:51:25, EXEC, v:1, k:enxugar, mode:FULL, rate:10, size:81
2025-09-29 14:51:56, EXEC, v:1, k:enxugar, mode:FULL, rate:10
2025-09-29 14:54:00, EXEC, v:1, k:enxugar, mode:FULL, rate:10
2025-09-29 14:55:56, EXEC, v:1, k:enxugar, mode:FULL, rate:10
2025-09-29 14:56:17, EXEC, v:1, k:enxugar, mode:FULL, rate:0, size:81
2025-09-29 14:59:32, EXEC, v:1, k:enxugar, mode:FULL, rate:0, size:81
2025-09-29 14:59:37, EXEC, v:1, k:enxugar, mode:FULL, rate:0
2025-09-29 15:00:14, EXEC, v:1, k:enxugar, mode:FULL, rate:0, size:68
2025-09-29 15:00:46, EXEC, v:1, k:enxugar, mode:FULL, rate:0, size:68
2025-09-29 15:00:54, EXEC, v:1, k:enxugar, mode:FULL, rate:0, size:68
2025-09-29 15:01:24, EXEC, v:1, k:enxugar, mode:FULL, rate:0, size:68
2025-09-29 15:02:03, EXEC, v:1, k:enxugar, mode:FULL, rate:0, size:69
2025-09-29 15:03:32, EXEC, v:1, k:enxugar, mode:FULL, rate:0, size:69
2025-09-29 15:06:49, EXEC, v:1, k:enxugar, mode:FULL, rate:0, size:69
2025-09-29 15:06:56, EXEC, v:1, k:enxugar, mode:FULL, rate:100, size:69
2025-09-29 15:07:00, EXEC, v:1, k:enxugar, mode:FULL, rate:100
2025-09-29 15:21:43, EXEC, v:1, k:enxugar, mode:FULL, rate:100
2025-09-29 15:21:49, EXEC, v:1, k:enxugar, mode:FULL, rate:100
2025-09-29 15:21:57, EXEC, v:1, k:enxugar, mode:FULL, rate:100
2025-09-29 18:44:16, MOVE, v:1, k:animal, mode:PICK
2025-09-29 18:44:17, EXEC, v:1, k:animal, mode:FULL, rate:0, size:31
2025-09-29 18:48:50, EXEC, v:1, k:animal, mode:FULL, rate:0, size:31
2025-09-29 19:07:40, EXEC, v:1, k:animal, mode:FULL, rate:0, size:42
2025-09-29 19:08:19, EXEC, v:1, k:animal, mode:FULL, rate:0, size:42
2025-09-29 19:14:24, EXEC, v:1, k:animal, mode:FULL, rate:0
2025-09-29 19:15:26, EXEC, v:1, k:animal, mode:FULL, rate:0
2025-09-29 19:36:34, EXEC, v:1, k:animal, mode:FULL, rate:0, size:45
2025-09-29 19:37:10, EXEC, v:1, k:animal, mode:FULL, rate:0
2025-09-29 19:42:08, EXEC, v:1, k:animal, mode:FULL, rate:25, size:48
2025-09-29 19:42:13, EXEC, v:1, k:animal, mode:FULL, rate:25
2025-09-29 19:42:44, EXEC, v:1, k:animal, mode:FULL, rate:25
2025-09-29 19:42:46, EXEC, v:1, k:animal, mode:FULL, rate:25
2025-09-29 19:42:47, EXEC, v:1, k:animal, mode:FULL, rate:25
2025-09-29 19:42:47, EXEC, v:1, k:animal, mode:FULL, rate:25
2025-09-29 19:42:48, EXEC, v:1, k:animal, mode:FULL, rate:25
2025-09-29 19:42:48, EXEC, v:1, k:animal, mode:FULL, rate:25
2025-09-29 19:44:52, EXEC, v:1, k:animal, mode:FULL, rate:25
2025-09-29 19:46:10, EXEC, v:1, k:animal, mode:FULL, rate:25, size:48
2025-09-29 19:46:47, EXEC, v:1, k:animal, mode:FULL, rate:25
2025-09-29 19:48:03, EXEC, v:1, k:animal, mode:FULL, rate:25, size:47
2025-09-29 19:50:27, EXEC, v:1, k:animal, mode:FULL, rate:25, size:47
2025-09-29 19:50:55, EXEC, v:1, k:animal, mode:FULL, rate:25
2025-09-29 19:51:58, EXEC, v:1, k:animal, mode:FULL, rate:25
2025-09-29 20:04:09, EXEC, v:1, k:animal, mode:FULL, rate:50, size:56
2025-09-29 20:06:29, EXEC, v:1, k:animal, mode:FULL, rate:50, size:56
2025-09-29 20:07:51, EXEC, v:1, k:animal, mode:FULL, rate:25, size:56
2025-09-29 20:09:58, EXEC, v:1, k:animal, mode:FULL, rate:50, size:56
2025-09-29 20:10:00, EXEC, v:1, k:animal, mode:FULL, rate:50
2025-09-29 20:10:01, EXEC, v:1, k:animal, mode:FULL, rate:50
2025-09-29 20:10:01, EXEC, v:1, k:animal, mode:FULL, rate:50
2025-09-29 20:11:37, EXEC, v:1, k:animal, mode:FULL, rate:100, size:55
